[22-Jul-2017 16:43:32 UTC] PHP Warning:  require_once(../config.php): failed to open stream: No such file or directory in /home/ubuntu/workspace/admin/verba/editverbs.php on line 6
[22-Jul-2017 16:43:32 UTC] PHP Stack trace:
[22-Jul-2017 16:43:32 UTC] PHP   1. {main}() /home/ubuntu/workspace/admin/verba/editverbs.php:0
[22-Jul-2017 16:43:32 UTC] PHP Fatal error:  require_once(): Failed opening required '../config.php' (include_path='.:/usr/share/php:/usr/share/pear') in /home/ubuntu/workspace/admin/verba/editverbs.php on line 6
[22-Jul-2017 16:43:32 UTC] PHP Stack trace:
[22-Jul-2017 16:43:32 UTC] PHP   1. {main}() /home/ubuntu/workspace/admin/verba/editverbs.php:0
[22-Jul-2017 16:58:44 UTC] Default exception handler: Coding Error Debug: Whoops. MACHINA seems to have tripped over herself. Please contact a programmer for help.
* line 204 of /lib/dblib.php: database_create_exception thrown
* line 155 of /lib/dblib.php: call to machina_database->prepare_execute()
* line 58 of /admin/lingua/edittags.php: call to machina_database->insert_record()

[22-Jul-2017 17:08:26 UTC] Default exception handler: Coding Error Debug: Whoops. MACHINA seems to have tripped over herself. Please contact a programmer for help.
* line 64 of /lib/dblib.php: database_read_exception thrown
* line 26 of /admin/lingua/edittags.php: call to machina_database->get_record()

[22-Jul-2017 20:01:58 UTC] PHP Parse error:  syntax error, unexpected '}' in /home/ubuntu/workspace/admin/lingua/editexpressions.php on line 87
[22-Jul-2017 20:11:53 UTC] PHP Parse error:  syntax error, unexpected ')', expecting variable (T_VARIABLE) or '$' in /home/ubuntu/workspace/admin/lingua/editexpressions.php on line 69
[22-Jul-2017 20:12:02 UTC] PHP Parse error:  syntax error, unexpected ')' in /home/ubuntu/workspace/admin/lingua/editexpressions.php on line 70
[22-Jul-2017 20:15:15 UTC] PHP Warning:  trim() expects parameter 1 to be string, array given in /home/ubuntu/workspace/lib/machinalib.php on line 86
[22-Jul-2017 20:15:15 UTC] PHP Stack trace:
[22-Jul-2017 20:15:15 UTC] PHP   1. {main}() /home/ubuntu/workspace/admin/lingua/editexpressions.php:0
[22-Jul-2017 20:15:15 UTC] PHP   2. clean_text() /home/ubuntu/workspace/admin/lingua/editexpressions.php:53
[22-Jul-2017 20:15:15 UTC] PHP   3. trim() /home/ubuntu/workspace/lib/machinalib.php:86
[22-Jul-2017 20:15:15 UTC] PHP Warning:  stripslashes() expects parameter 1 to be string, array given in /home/ubuntu/workspace/lib/machinalib.php on line 87
[22-Jul-2017 20:15:15 UTC] PHP Stack trace:
[22-Jul-2017 20:15:15 UTC] PHP   1. {main}() /home/ubuntu/workspace/admin/lingua/editexpressions.php:0
[22-Jul-2017 20:15:15 UTC] PHP   2. clean_text() /home/ubuntu/workspace/admin/lingua/editexpressions.php:53
[22-Jul-2017 20:15:15 UTC] PHP   3. stripslashes() /home/ubuntu/workspace/lib/machinalib.php:87
[22-Jul-2017 20:16:21 UTC] PHP Warning:  trim() expects parameter 1 to be string, array given in /home/ubuntu/workspace/lib/machinalib.php on line 86
[22-Jul-2017 20:16:21 UTC] PHP Stack trace:
[22-Jul-2017 20:16:21 UTC] PHP   1. {main}() /home/ubuntu/workspace/admin/lingua/editexpressions.php:0
[22-Jul-2017 20:16:21 UTC] PHP   2. clean_text() /home/ubuntu/workspace/admin/lingua/editexpressions.php:53
[22-Jul-2017 20:16:21 UTC] PHP   3. trim() /home/ubuntu/workspace/lib/machinalib.php:86
[22-Jul-2017 20:16:21 UTC] PHP Warning:  stripslashes() expects parameter 1 to be string, array given in /home/ubuntu/workspace/lib/machinalib.php on line 87
[22-Jul-2017 20:16:21 UTC] PHP Stack trace:
[22-Jul-2017 20:16:21 UTC] PHP   1. {main}() /home/ubuntu/workspace/admin/lingua/editexpressions.php:0
[22-Jul-2017 20:16:21 UTC] PHP   2. clean_text() /home/ubuntu/workspace/admin/lingua/editexpressions.php:53
[22-Jul-2017 20:16:21 UTC] PHP   3. stripslashes() /home/ubuntu/workspace/lib/machinalib.php:87
[22-Jul-2017 20:17:09 UTC] PHP Warning:  trim() expects parameter 1 to be string, array given in /home/ubuntu/workspace/lib/machinalib.php on line 86
[22-Jul-2017 20:17:09 UTC] PHP Stack trace:
[22-Jul-2017 20:17:09 UTC] PHP   1. {main}() /home/ubuntu/workspace/admin/lingua/editexpressions.php:0
[22-Jul-2017 20:17:09 UTC] PHP   2. clean_text() /home/ubuntu/workspace/admin/lingua/editexpressions.php:53
[22-Jul-2017 20:17:09 UTC] PHP   3. trim() /home/ubuntu/workspace/lib/machinalib.php:86
[22-Jul-2017 20:17:09 UTC] PHP Warning:  stripslashes() expects parameter 1 to be string, array given in /home/ubuntu/workspace/lib/machinalib.php on line 87
[22-Jul-2017 20:17:09 UTC] PHP Stack trace:
[22-Jul-2017 20:17:09 UTC] PHP   1. {main}() /home/ubuntu/workspace/admin/lingua/editexpressions.php:0
[22-Jul-2017 20:17:09 UTC] PHP   2. clean_text() /home/ubuntu/workspace/admin/lingua/editexpressions.php:53
[22-Jul-2017 20:17:09 UTC] PHP   3. stripslashes() /home/ubuntu/workspace/lib/machinalib.php:87
[22-Jul-2017 20:17:27 UTC] PHP Warning:  trim() expects parameter 1 to be string, array given in /home/ubuntu/workspace/lib/machinalib.php on line 86
[22-Jul-2017 20:17:27 UTC] PHP Stack trace:
[22-Jul-2017 20:17:27 UTC] PHP   1. {main}() /home/ubuntu/workspace/admin/lingua/editexpressions.php:0
[22-Jul-2017 20:17:27 UTC] PHP   2. clean_text() /home/ubuntu/workspace/admin/lingua/editexpressions.php:53
[22-Jul-2017 20:17:27 UTC] PHP   3. trim() /home/ubuntu/workspace/lib/machinalib.php:86
[22-Jul-2017 20:17:27 UTC] PHP Warning:  stripslashes() expects parameter 1 to be string, array given in /home/ubuntu/workspace/lib/machinalib.php on line 87
[22-Jul-2017 20:17:27 UTC] PHP Stack trace:
[22-Jul-2017 20:17:27 UTC] PHP   1. {main}() /home/ubuntu/workspace/admin/lingua/editexpressions.php:0
[22-Jul-2017 20:17:27 UTC] PHP   2. clean_text() /home/ubuntu/workspace/admin/lingua/editexpressions.php:53
[22-Jul-2017 20:17:27 UTC] PHP   3. stripslashes() /home/ubuntu/workspace/lib/machinalib.php:87
[22-Jul-2017 20:17:35 UTC] PHP Warning:  trim() expects parameter 1 to be string, array given in /home/ubuntu/workspace/lib/machinalib.php on line 86
[22-Jul-2017 20:17:35 UTC] PHP Stack trace:
[22-Jul-2017 20:17:35 UTC] PHP   1. {main}() /home/ubuntu/workspace/admin/lingua/editexpressions.php:0
[22-Jul-2017 20:17:35 UTC] PHP   2. clean_text() /home/ubuntu/workspace/admin/lingua/editexpressions.php:53
[22-Jul-2017 20:17:35 UTC] PHP   3. trim() /home/ubuntu/workspace/lib/machinalib.php:86
[22-Jul-2017 20:17:35 UTC] PHP Warning:  stripslashes() expects parameter 1 to be string, array given in /home/ubuntu/workspace/lib/machinalib.php on line 87
[22-Jul-2017 20:17:35 UTC] PHP Stack trace:
[22-Jul-2017 20:17:35 UTC] PHP   1. {main}() /home/ubuntu/workspace/admin/lingua/editexpressions.php:0
[22-Jul-2017 20:17:35 UTC] PHP   2. clean_text() /home/ubuntu/workspace/admin/lingua/editexpressions.php:53
[22-Jul-2017 20:17:35 UTC] PHP   3. stripslashes() /home/ubuntu/workspace/lib/machinalib.php:87
[22-Jul-2017 20:25:09 UTC] Default exception handler: Coding Error Debug: Whoops. MACHINA seems to have tripped over herself. Please contact a programmer for help.
* line 204 of /lib/dblib.php: database_create_exception thrown
* line 155 of /lib/dblib.php: call to machina_database->prepare_execute()
* line 77 of /admin/lingua/editexpressions.php: call to machina_database->insert_record()

[22-Jul-2017 20:27:14 UTC] Default exception handler: Coding Error Debug: Whoops. MACHINA seems to have tripped over herself. Please contact a programmer for help.
* line 204 of /lib/dblib.php: database_create_exception thrown
* line 155 of /lib/dblib.php: call to machina_database->prepare_execute()
* line 77 of /admin/lingua/editexpressions.php: call to machina_database->insert_record()

[22-Jul-2017 20:33:50 UTC] Default exception handler: Coding Error Debug: Whoops. MACHINA seems to have tripped over herself. Please contact a programmer for help.
* line 204 of /lib/dblib.php: database_create_exception thrown
* line 155 of /lib/dblib.php: call to machina_database->prepare_execute()
* line 78 of /admin/lingua/editexpressions.php: call to machina_database->insert_record()

[22-Jul-2017 20:35:10 UTC] PHP Parse error:  syntax error, unexpected '=', expecting ')' in /home/ubuntu/workspace/admin/lingua/editexpressions.php on line 78
[22-Jul-2017 20:50:36 UTC] PHP Warning:  in_array() expects parameter 2 to be array, null given in /home/ubuntu/workspace/admin/lingua/editexpressions.php on line 126
[22-Jul-2017 20:50:36 UTC] PHP Stack trace:
[22-Jul-2017 20:50:36 UTC] PHP   1. {main}() /home/ubuntu/workspace/admin/lingua/editexpressions.php:0
[22-Jul-2017 20:50:36 UTC] PHP   2. in_array() /home/ubuntu/workspace/admin/lingua/editexpressions.php:126
[22-Jul-2017 20:50:36 UTC] PHP Warning:  in_array() expects parameter 2 to be array, null given in /home/ubuntu/workspace/admin/lingua/editexpressions.php on line 126
[22-Jul-2017 20:50:36 UTC] PHP Stack trace:
[22-Jul-2017 20:50:36 UTC] PHP   1. {main}() /home/ubuntu/workspace/admin/lingua/editexpressions.php:0
[22-Jul-2017 20:50:36 UTC] PHP   2. in_array() /home/ubuntu/workspace/admin/lingua/editexpressions.php:126
[22-Jul-2017 20:50:36 UTC] PHP Warning:  in_array() expects parameter 2 to be array, null given in /home/ubuntu/workspace/admin/lingua/editexpressions.php on line 126
[22-Jul-2017 20:50:36 UTC] PHP Stack trace:
[22-Jul-2017 20:50:36 UTC] PHP   1. {main}() /home/ubuntu/workspace/admin/lingua/editexpressions.php:0
[22-Jul-2017 20:50:36 UTC] PHP   2. in_array() /home/ubuntu/workspace/admin/lingua/editexpressions.php:126
[22-Jul-2017 20:50:36 UTC] PHP Warning:  in_array() expects parameter 2 to be array, null given in /home/ubuntu/workspace/admin/lingua/editexpressions.php on line 126
[22-Jul-2017 20:50:36 UTC] PHP Stack trace:
[22-Jul-2017 20:50:36 UTC] PHP   1. {main}() /home/ubuntu/workspace/admin/lingua/editexpressions.php:0
[22-Jul-2017 20:50:36 UTC] PHP   2. in_array() /home/ubuntu/workspace/admin/lingua/editexpressions.php:126
[22-Jul-2017 20:50:36 UTC] PHP Warning:  in_array() expects parameter 2 to be array, null given in /home/ubuntu/workspace/admin/lingua/editexpressions.php on line 126
[22-Jul-2017 20:50:36 UTC] PHP Stack trace:
[22-Jul-2017 20:50:36 UTC] PHP   1. {main}() /home/ubuntu/workspace/admin/lingua/editexpressions.php:0
[22-Jul-2017 20:50:36 UTC] PHP   2. in_array() /home/ubuntu/workspace/admin/lingua/editexpressions.php:126
[22-Jul-2017 21:54:29 UTC] PHP Fatal error:  Access to undeclared static property: lingua::$emotions in /home/ubuntu/workspace/lib/lingualib.php on line 53
[22-Jul-2017 21:54:29 UTC] PHP Stack trace:
[22-Jul-2017 21:54:29 UTC] PHP   1. {main}() /home/ubuntu/workspace/admin/lingua/editexpressions.php:0
[22-Jul-2017 21:54:29 UTC] PHP   2. machina_output->header() /home/ubuntu/workspace/admin/lingua/editexpressions.php:97
[22-Jul-2017 21:54:29 UTC] PHP   3. machina_output->start_body() /home/ubuntu/workspace/lib/outputlib.php:87
[22-Jul-2017 21:54:29 UTC] PHP   4. machina_output->get_notifications() /home/ubuntu/workspace/lib/outputlib.php:169
[22-Jul-2017 21:54:29 UTC] PHP   5. lingua::announce() /home/ubuntu/workspace/lib/outputlib.php:192
[22-Jul-2017 21:57:17 UTC] PHP Fatal error:  Access to undeclared static property: lingua::$emotions in /home/ubuntu/workspace/lib/lingualib.php on line 53
[22-Jul-2017 21:57:17 UTC] PHP Stack trace:
[22-Jul-2017 21:57:17 UTC] PHP   1. {main}() /home/ubuntu/workspace/admin/lingua/editexpressions.php:0
[22-Jul-2017 21:57:17 UTC] PHP   2. machina_output->header() /home/ubuntu/workspace/admin/lingua/editexpressions.php:97
[22-Jul-2017 21:57:17 UTC] PHP   3. machina_output->start_body() /home/ubuntu/workspace/lib/outputlib.php:87
[22-Jul-2017 21:57:17 UTC] PHP   4. machina_output->get_notifications() /home/ubuntu/workspace/lib/outputlib.php:169
[22-Jul-2017 21:57:17 UTC] PHP   5. lingua::announce() /home/ubuntu/workspace/lib/outputlib.php:192
[22-Jul-2017 21:58:37 UTC] Default exception handler: Coding Error Debug: Whoops. MACHINA seems to have tripped over herself. Please contact a programmer for help.
* line 54 of /lib/lingualib.php: coding_exception thrown
* line 192 of /lib/outputlib.php: call to lingua::announce()
* line 169 of /lib/outputlib.php: call to machina_output->get_notifications()
* line 87 of /lib/outputlib.php: call to machina_output->start_body()
* line 97 of /admin/lingua/editexpressions.php: call to machina_output->header()

[22-Jul-2017 22:08:01 UTC] PHP Fatal error:  Call to a member function get_records() on a non-object in /home/ubuntu/workspace/lib/lingualib.php on line 57
[22-Jul-2017 22:08:01 UTC] PHP Stack trace:
[22-Jul-2017 22:08:01 UTC] PHP   1. {main}() /home/ubuntu/workspace/admin/lingua/editexpressions.php:0
[22-Jul-2017 22:08:01 UTC] PHP   2. machina_output->header() /home/ubuntu/workspace/admin/lingua/editexpressions.php:97
[22-Jul-2017 22:08:01 UTC] PHP   3. machina_output->start_body() /home/ubuntu/workspace/lib/outputlib.php:87
[22-Jul-2017 22:08:01 UTC] PHP   4. machina_output->get_notifications() /home/ubuntu/workspace/lib/outputlib.php:169
[22-Jul-2017 22:08:01 UTC] PHP   5. lingua::announce() /home/ubuntu/workspace/lib/outputlib.php:192
[22-Jul-2017 22:26:06 UTC] PHP Parse error:  syntax error, unexpected '':'' (T_CONSTANT_ENCAPSED_STRING) in /home/ubuntu/workspace/lib/outputlib.php on line 197
[22-Jul-2017 22:26:06 UTC] PHP Stack trace:
[22-Jul-2017 22:26:06 UTC] PHP   1. {main}() /home/ubuntu/workspace/admin/lingua/editexpressions.php:0
[22-Jul-2017 22:26:06 UTC] PHP   2. require_once() /home/ubuntu/workspace/admin/lingua/editexpressions.php:6
[22-Jul-2017 22:26:06 UTC] PHP   3. require_once() /home/ubuntu/workspace/config.php:12
[22-Jul-2017 23:36:59 UTC] PHP Parse error:  syntax error, unexpected '!' in /home/ubuntu/workspace/lib/outputlib.php on line 192
[22-Jul-2017 23:36:59 UTC] PHP Stack trace:
[22-Jul-2017 23:36:59 UTC] PHP   1. {main}() /home/ubuntu/workspace/admin/lingua/editexpressions.php:0
[22-Jul-2017 23:36:59 UTC] PHP   2. require_once() /home/ubuntu/workspace/admin/lingua/editexpressions.php:6
[22-Jul-2017 23:36:59 UTC] PHP   3. require_once() /home/ubuntu/workspace/config.php:12
[22-Jul-2017 23:38:41 UTC] Default exception handler: Coding Error Debug: Whoops. MACHINA seems to have tripped over herself. Please contact a programmer for help.
* line 204 of /lib/dblib.php: database_read_exception thrown
* line 88 of /lib/dblib.php: call to machina_database->prepare_execute()
* line 161 of /admin/lingua/editexpressions.php: call to machina_database->get_records()

[22-Jul-2017 23:40:49 UTC] PHP Fatal error:  Undefined class constant 'get_emotion_names' in /home/ubuntu/workspace/admin/lingua/editexpressions.php on line 156
[22-Jul-2017 23:40:49 UTC] PHP Stack trace:
[22-Jul-2017 23:40:49 UTC] PHP   1. {main}() /home/ubuntu/workspace/admin/lingua/editexpressions.php:0
[22-Jul-2017 23:45:15 UTC] PHP Warning:  Illegal offset type in /home/ubuntu/workspace/lib/lingualib.php on line 43
[22-Jul-2017 23:45:15 UTC] PHP Stack trace:
[22-Jul-2017 23:45:15 UTC] PHP   1. {main}() /home/ubuntu/workspace/admin/lingua/editexpressions.php:0
[22-Jul-2017 23:45:15 UTC] PHP   2. lingua::get_emotion_names() /home/ubuntu/workspace/admin/lingua/editexpressions.php:158
[22-Jul-2017 23:45:15 UTC] PHP Warning:  Illegal offset type in /home/ubuntu/workspace/lib/lingualib.php on line 43
[22-Jul-2017 23:45:15 UTC] PHP Stack trace:
[22-Jul-2017 23:45:15 UTC] PHP   1. {main}() /home/ubuntu/workspace/admin/lingua/editexpressions.php:0
[22-Jul-2017 23:45:15 UTC] PHP   2. lingua::get_emotion_names() /home/ubuntu/workspace/admin/lingua/editexpressions.php:158
[22-Jul-2017 23:45:15 UTC] PHP Warning:  Illegal offset type in /home/ubuntu/workspace/lib/lingualib.php on line 43
[22-Jul-2017 23:45:15 UTC] PHP Stack trace:
[22-Jul-2017 23:45:15 UTC] PHP   1. {main}() /home/ubuntu/workspace/admin/lingua/editexpressions.php:0
[22-Jul-2017 23:45:15 UTC] PHP   2. lingua::get_emotion_names() /home/ubuntu/workspace/admin/lingua/editexpressions.php:158
[22-Jul-2017 23:45:15 UTC] PHP Warning:  Illegal offset type in /home/ubuntu/workspace/lib/lingualib.php on line 43
[22-Jul-2017 23:45:15 UTC] PHP Stack trace:
[22-Jul-2017 23:45:15 UTC] PHP   1. {main}() /home/ubuntu/workspace/admin/lingua/editexpressions.php:0
[22-Jul-2017 23:45:15 UTC] PHP   2. lingua::get_emotion_names() /home/ubuntu/workspace/admin/lingua/editexpressions.php:158
[22-Jul-2017 23:45:15 UTC] PHP Warning:  Illegal offset type in /home/ubuntu/workspace/lib/lingualib.php on line 43
[22-Jul-2017 23:45:15 UTC] PHP Stack trace:
[22-Jul-2017 23:45:15 UTC] PHP   1. {main}() /home/ubuntu/workspace/admin/lingua/editexpressions.php:0
[22-Jul-2017 23:45:15 UTC] PHP   2. lingua::get_emotion_names() /home/ubuntu/workspace/admin/lingua/editexpressions.php:158
[22-Jul-2017 23:45:15 UTC] PHP Warning:  Illegal offset type in /home/ubuntu/workspace/lib/lingualib.php on line 43
[22-Jul-2017 23:45:15 UTC] PHP Stack trace:
[22-Jul-2017 23:45:15 UTC] PHP   1. {main}() /home/ubuntu/workspace/admin/lingua/editexpressions.php:0
[22-Jul-2017 23:45:15 UTC] PHP   2. lingua::get_emotion_names() /home/ubuntu/workspace/admin/lingua/editexpressions.php:158
[22-Jul-2017 23:45:15 UTC] PHP Warning:  Illegal offset type in /home/ubuntu/workspace/lib/lingualib.php on line 43
[22-Jul-2017 23:45:15 UTC] PHP Stack trace:
[22-Jul-2017 23:45:15 UTC] PHP   1. {main}() /home/ubuntu/workspace/admin/lingua/editexpressions.php:0
[22-Jul-2017 23:45:15 UTC] PHP   2. lingua::get_emotion_names() /home/ubuntu/workspace/admin/lingua/editexpressions.php:158
[22-Jul-2017 23:45:15 UTC] PHP Warning:  Illegal offset type in /home/ubuntu/workspace/lib/lingualib.php on line 43
[22-Jul-2017 23:45:15 UTC] PHP Stack trace:
[22-Jul-2017 23:45:15 UTC] PHP   1. {main}() /home/ubuntu/workspace/admin/lingua/editexpressions.php:0
[22-Jul-2017 23:45:15 UTC] PHP   2. lingua::get_emotion_names() /home/ubuntu/workspace/admin/lingua/editexpressions.php:158
[22-Jul-2017 23:45:15 UTC] PHP Warning:  Illegal offset type in /home/ubuntu/workspace/lib/lingualib.php on line 43
[22-Jul-2017 23:45:15 UTC] PHP Stack trace:
[22-Jul-2017 23:45:15 UTC] PHP   1. {main}() /home/ubuntu/workspace/admin/lingua/editexpressions.php:0
[22-Jul-2017 23:45:15 UTC] PHP   2. lingua::get_emotion_names() /home/ubuntu/workspace/admin/lingua/editexpressions.php:158
[22-Jul-2017 23:45:15 UTC] PHP Warning:  Illegal offset type in /home/ubuntu/workspace/lib/lingualib.php on line 43
[22-Jul-2017 23:45:15 UTC] PHP Stack trace:
[22-Jul-2017 23:45:15 UTC] PHP   1. {main}() /home/ubuntu/workspace/admin/lingua/editexpressions.php:0
[22-Jul-2017 23:45:15 UTC] PHP   2. lingua::get_emotion_names() /home/ubuntu/workspace/admin/lingua/editexpressions.php:158
[22-Jul-2017 23:45:15 UTC] PHP Warning:  Illegal offset type in /home/ubuntu/workspace/lib/lingualib.php on line 43
[22-Jul-2017 23:45:15 UTC] PHP Stack trace:
[22-Jul-2017 23:45:15 UTC] PHP   1. {main}() /home/ubuntu/workspace/admin/lingua/editexpressions.php:0
[22-Jul-2017 23:45:15 UTC] PHP   2. lingua::get_emotion_names() /home/ubuntu/workspace/admin/lingua/editexpressions.php:158
[22-Jul-2017 23:45:15 UTC] PHP Warning:  Illegal offset type in /home/ubuntu/workspace/lib/lingualib.php on line 43
[22-Jul-2017 23:45:15 UTC] PHP Stack trace:
[22-Jul-2017 23:45:15 UTC] PHP   1. {main}() /home/ubuntu/workspace/admin/lingua/editexpressions.php:0
[22-Jul-2017 23:45:15 UTC] PHP   2. lingua::get_emotion_names() /home/ubuntu/workspace/admin/lingua/editexpressions.php:158
[22-Jul-2017 23:45:15 UTC] PHP Warning:  Illegal offset type in /home/ubuntu/workspace/lib/lingualib.php on line 43
[22-Jul-2017 23:45:15 UTC] PHP Stack trace:
[22-Jul-2017 23:45:15 UTC] PHP   1. {main}() /home/ubuntu/workspace/admin/lingua/editexpressions.php:0
[22-Jul-2017 23:45:15 UTC] PHP   2. lingua::get_emotion_names() /home/ubuntu/workspace/admin/lingua/editexpressions.php:158
[22-Jul-2017 23:45:15 UTC] PHP Warning:  Illegal offset type in /home/ubuntu/workspace/lib/lingualib.php on line 43
[22-Jul-2017 23:45:15 UTC] PHP Stack trace:
[22-Jul-2017 23:45:15 UTC] PHP   1. {main}() /home/ubuntu/workspace/admin/lingua/editexpressions.php:0
[22-Jul-2017 23:45:15 UTC] PHP   2. lingua::get_emotion_names() /home/ubuntu/workspace/admin/lingua/editexpressions.php:158
[22-Jul-2017 23:45:15 UTC] PHP Warning:  Illegal offset type in /home/ubuntu/workspace/lib/lingualib.php on line 43
[22-Jul-2017 23:45:15 UTC] PHP Stack trace:
[22-Jul-2017 23:45:15 UTC] PHP   1. {main}() /home/ubuntu/workspace/admin/lingua/editexpressions.php:0
[22-Jul-2017 23:45:15 UTC] PHP   2. lingua::get_emotion_names() /home/ubuntu/workspace/admin/lingua/editexpressions.php:158
[22-Jul-2017 23:45:15 UTC] PHP Warning:  Illegal offset type in /home/ubuntu/workspace/lib/lingualib.php on line 43
[22-Jul-2017 23:45:15 UTC] PHP Stack trace:
[22-Jul-2017 23:45:15 UTC] PHP   1. {main}() /home/ubuntu/workspace/admin/lingua/editexpressions.php:0
[22-Jul-2017 23:45:15 UTC] PHP   2. lingua::get_emotion_names() /home/ubuntu/workspace/admin/lingua/editexpressions.php:158
[22-Jul-2017 23:45:15 UTC] PHP Warning:  Illegal offset type in /home/ubuntu/workspace/lib/lingualib.php on line 43
[22-Jul-2017 23:45:15 UTC] PHP Stack trace:
[22-Jul-2017 23:45:15 UTC] PHP   1. {main}() /home/ubuntu/workspace/admin/lingua/editexpressions.php:0
[22-Jul-2017 23:45:15 UTC] PHP   2. lingua::get_emotion_names() /home/ubuntu/workspace/admin/lingua/editexpressions.php:158
[22-Jul-2017 23:45:15 UTC] PHP Warning:  Illegal offset type in /home/ubuntu/workspace/lib/lingualib.php on line 43
[22-Jul-2017 23:45:15 UTC] PHP Stack trace:
[22-Jul-2017 23:45:15 UTC] PHP   1. {main}() /home/ubuntu/workspace/admin/lingua/editexpressions.php:0
[22-Jul-2017 23:45:15 UTC] PHP   2. lingua::get_emotion_names() /home/ubuntu/workspace/admin/lingua/editexpressions.php:158
[22-Jul-2017 23:45:15 UTC] PHP Warning:  Illegal offset type in /home/ubuntu/workspace/lib/lingualib.php on line 43
[22-Jul-2017 23:45:15 UTC] PHP Stack trace:
[22-Jul-2017 23:45:15 UTC] PHP   1. {main}() /home/ubuntu/workspace/admin/lingua/editexpressions.php:0
[22-Jul-2017 23:45:15 UTC] PHP   2. lingua::get_emotion_names() /home/ubuntu/workspace/admin/lingua/editexpressions.php:158
[22-Jul-2017 23:45:15 UTC] PHP Warning:  Illegal offset type in /home/ubuntu/workspace/lib/lingualib.php on line 43
[22-Jul-2017 23:45:15 UTC] PHP Stack trace:
[22-Jul-2017 23:45:15 UTC] PHP   1. {main}() /home/ubuntu/workspace/admin/lingua/editexpressions.php:0
[22-Jul-2017 23:45:15 UTC] PHP   2. lingua::get_emotion_names() /home/ubuntu/workspace/admin/lingua/editexpressions.php:158
[22-Jul-2017 23:47:53 UTC] PHP Warning:  Illegal offset type in /home/ubuntu/workspace/lib/lingualib.php on line 27
[22-Jul-2017 23:47:53 UTC] PHP Stack trace:
[22-Jul-2017 23:47:53 UTC] PHP   1. {main}() /home/ubuntu/workspace/admin/lingua/editexpressions.php:0
[22-Jul-2017 23:47:53 UTC] PHP   2. lingua::get_emotion_names() /home/ubuntu/workspace/admin/lingua/editexpressions.php:158
[22-Jul-2017 23:47:53 UTC] PHP Warning:  Illegal offset type in /home/ubuntu/workspace/lib/lingualib.php on line 27
[22-Jul-2017 23:47:53 UTC] PHP Stack trace:
[22-Jul-2017 23:47:53 UTC] PHP   1. {main}() /home/ubuntu/workspace/admin/lingua/editexpressions.php:0
[22-Jul-2017 23:47:53 UTC] PHP   2. lingua::get_emotion_names() /home/ubuntu/workspace/admin/lingua/editexpressions.php:158
[22-Jul-2017 23:47:53 UTC] PHP Warning:  Illegal offset type in /home/ubuntu/workspace/lib/lingualib.php on line 27
[22-Jul-2017 23:47:53 UTC] PHP Stack trace:
[22-Jul-2017 23:47:53 UTC] PHP   1. {main}() /home/ubuntu/workspace/admin/lingua/editexpressions.php:0
[22-Jul-2017 23:47:53 UTC] PHP   2. lingua::get_emotion_names() /home/ubuntu/workspace/admin/lingua/editexpressions.php:158
[22-Jul-2017 23:47:53 UTC] PHP Warning:  Illegal offset type in /home/ubuntu/workspace/lib/lingualib.php on line 27
[22-Jul-2017 23:47:53 UTC] PHP Stack trace:
[22-Jul-2017 23:47:53 UTC] PHP   1. {main}() /home/ubuntu/workspace/admin/lingua/editexpressions.php:0
[22-Jul-2017 23:47:53 UTC] PHP   2. lingua::get_emotion_names() /home/ubuntu/workspace/admin/lingua/editexpressions.php:158
[22-Jul-2017 23:47:53 UTC] PHP Warning:  Illegal offset type in /home/ubuntu/workspace/lib/lingualib.php on line 27
[22-Jul-2017 23:47:53 UTC] PHP Stack trace:
[22-Jul-2017 23:47:53 UTC] PHP   1. {main}() /home/ubuntu/workspace/admin/lingua/editexpressions.php:0
[22-Jul-2017 23:47:53 UTC] PHP   2. lingua::get_emotion_names() /home/ubuntu/workspace/admin/lingua/editexpressions.php:158
[22-Jul-2017 23:47:53 UTC] PHP Warning:  Illegal offset type in /home/ubuntu/workspace/lib/lingualib.php on line 27
[22-Jul-2017 23:47:53 UTC] PHP Stack trace:
[22-Jul-2017 23:47:53 UTC] PHP   1. {main}() /home/ubuntu/workspace/admin/lingua/editexpressions.php:0
[22-Jul-2017 23:47:53 UTC] PHP   2. lingua::get_emotion_names() /home/ubuntu/workspace/admin/lingua/editexpressions.php:158
[22-Jul-2017 23:47:53 UTC] PHP Warning:  Illegal offset type in /home/ubuntu/workspace/lib/lingualib.php on line 27
[22-Jul-2017 23:47:53 UTC] PHP Stack trace:
[22-Jul-2017 23:47:53 UTC] PHP   1. {main}() /home/ubuntu/workspace/admin/lingua/editexpressions.php:0
[22-Jul-2017 23:47:53 UTC] PHP   2. lingua::get_emotion_names() /home/ubuntu/workspace/admin/lingua/editexpressions.php:158
[22-Jul-2017 23:47:53 UTC] PHP Warning:  Illegal offset type in /home/ubuntu/workspace/lib/lingualib.php on line 27
[22-Jul-2017 23:47:53 UTC] PHP Stack trace:
[22-Jul-2017 23:47:53 UTC] PHP   1. {main}() /home/ubuntu/workspace/admin/lingua/editexpressions.php:0
[22-Jul-2017 23:47:53 UTC] PHP   2. lingua::get_emotion_names() /home/ubuntu/workspace/admin/lingua/editexpressions.php:158
[22-Jul-2017 23:47:53 UTC] PHP Warning:  Illegal offset type in /home/ubuntu/workspace/lib/lingualib.php on line 27
[22-Jul-2017 23:47:53 UTC] PHP Stack trace:
[22-Jul-2017 23:47:53 UTC] PHP   1. {main}() /home/ubuntu/workspace/admin/lingua/editexpressions.php:0
[22-Jul-2017 23:47:53 UTC] PHP   2. lingua::get_emotion_names() /home/ubuntu/workspace/admin/lingua/editexpressions.php:158
[22-Jul-2017 23:47:53 UTC] PHP Warning:  Illegal offset type in /home/ubuntu/workspace/lib/lingualib.php on line 27
[22-Jul-2017 23:47:53 UTC] PHP Stack trace:
[22-Jul-2017 23:47:53 UTC] PHP   1. {main}() /home/ubuntu/workspace/admin/lingua/editexpressions.php:0
[22-Jul-2017 23:47:53 UTC] PHP   2. lingua::get_emotion_names() /home/ubuntu/workspace/admin/lingua/editexpressions.php:158
[22-Jul-2017 23:47:53 UTC] PHP Warning:  Illegal offset type in /home/ubuntu/workspace/lib/lingualib.php on line 27
[22-Jul-2017 23:47:53 UTC] PHP Stack trace:
[22-Jul-2017 23:47:53 UTC] PHP   1. {main}() /home/ubuntu/workspace/admin/lingua/editexpressions.php:0
[22-Jul-2017 23:47:53 UTC] PHP   2. lingua::get_emotion_names() /home/ubuntu/workspace/admin/lingua/editexpressions.php:158
[22-Jul-2017 23:47:53 UTC] PHP Warning:  Illegal offset type in /home/ubuntu/workspace/lib/lingualib.php on line 27
[22-Jul-2017 23:47:53 UTC] PHP Stack trace:
[22-Jul-2017 23:47:53 UTC] PHP   1. {main}() /home/ubuntu/workspace/admin/lingua/editexpressions.php:0
[22-Jul-2017 23:47:53 UTC] PHP   2. lingua::get_emotion_names() /home/ubuntu/workspace/admin/lingua/editexpressions.php:158
[22-Jul-2017 23:47:53 UTC] PHP Warning:  Illegal offset type in /home/ubuntu/workspace/lib/lingualib.php on line 27
[22-Jul-2017 23:47:53 UTC] PHP Stack trace:
[22-Jul-2017 23:47:53 UTC] PHP   1. {main}() /home/ubuntu/workspace/admin/lingua/editexpressions.php:0
[22-Jul-2017 23:47:53 UTC] PHP   2. lingua::get_emotion_names() /home/ubuntu/workspace/admin/lingua/editexpressions.php:158
[22-Jul-2017 23:47:53 UTC] PHP Warning:  Illegal offset type in /home/ubuntu/workspace/lib/lingualib.php on line 27
[22-Jul-2017 23:47:53 UTC] PHP Stack trace:
[22-Jul-2017 23:47:53 UTC] PHP   1. {main}() /home/ubuntu/workspace/admin/lingua/editexpressions.php:0
[22-Jul-2017 23:47:53 UTC] PHP   2. lingua::get_emotion_names() /home/ubuntu/workspace/admin/lingua/editexpressions.php:158
[22-Jul-2017 23:47:53 UTC] PHP Warning:  Illegal offset type in /home/ubuntu/workspace/lib/lingualib.php on line 27
[22-Jul-2017 23:47:53 UTC] PHP Stack trace:
[22-Jul-2017 23:47:53 UTC] PHP   1. {main}() /home/ubuntu/workspace/admin/lingua/editexpressions.php:0
[22-Jul-2017 23:47:53 UTC] PHP   2. lingua::get_emotion_names() /home/ubuntu/workspace/admin/lingua/editexpressions.php:158
[22-Jul-2017 23:47:53 UTC] PHP Warning:  Illegal offset type in /home/ubuntu/workspace/lib/lingualib.php on line 27
[22-Jul-2017 23:47:53 UTC] PHP Stack trace:
[22-Jul-2017 23:47:53 UTC] PHP   1. {main}() /home/ubuntu/workspace/admin/lingua/editexpressions.php:0
[22-Jul-2017 23:47:53 UTC] PHP   2. lingua::get_emotion_names() /home/ubuntu/workspace/admin/lingua/editexpressions.php:158
[22-Jul-2017 23:47:53 UTC] PHP Warning:  Illegal offset type in /home/ubuntu/workspace/lib/lingualib.php on line 27
[22-Jul-2017 23:47:53 UTC] PHP Stack trace:
[22-Jul-2017 23:47:53 UTC] PHP   1. {main}() /home/ubuntu/workspace/admin/lingua/editexpressions.php:0
[22-Jul-2017 23:47:53 UTC] PHP   2. lingua::get_emotion_names() /home/ubuntu/workspace/admin/lingua/editexpressions.php:158
[22-Jul-2017 23:47:53 UTC] PHP Warning:  Illegal offset type in /home/ubuntu/workspace/lib/lingualib.php on line 27
[22-Jul-2017 23:47:53 UTC] PHP Stack trace:
[22-Jul-2017 23:47:53 UTC] PHP   1. {main}() /home/ubuntu/workspace/admin/lingua/editexpressions.php:0
[22-Jul-2017 23:47:53 UTC] PHP   2. lingua::get_emotion_names() /home/ubuntu/workspace/admin/lingua/editexpressions.php:158
[22-Jul-2017 23:47:53 UTC] PHP Warning:  Illegal offset type in /home/ubuntu/workspace/lib/lingualib.php on line 27
[22-Jul-2017 23:47:53 UTC] PHP Stack trace:
[22-Jul-2017 23:47:53 UTC] PHP   1. {main}() /home/ubuntu/workspace/admin/lingua/editexpressions.php:0
[22-Jul-2017 23:47:53 UTC] PHP   2. lingua::get_emotion_names() /home/ubuntu/workspace/admin/lingua/editexpressions.php:158
[22-Jul-2017 23:47:53 UTC] PHP Warning:  Illegal offset type in /home/ubuntu/workspace/lib/lingualib.php on line 27
[22-Jul-2017 23:47:53 UTC] PHP Stack trace:
[22-Jul-2017 23:47:53 UTC] PHP   1. {main}() /home/ubuntu/workspace/admin/lingua/editexpressions.php:0
[22-Jul-2017 23:47:53 UTC] PHP   2. lingua::get_emotion_names() /home/ubuntu/workspace/admin/lingua/editexpressions.php:158
[22-Jul-2017 23:49:14 UTC] PHP Warning:  array_key_exists(): The first argument should be either a string or an integer in /home/ubuntu/workspace/lib/lingualib.php on line 26
[22-Jul-2017 23:49:14 UTC] PHP Stack trace:
[22-Jul-2017 23:49:14 UTC] PHP   1. {main}() /home/ubuntu/workspace/admin/lingua/editexpressions.php:0
[22-Jul-2017 23:49:14 UTC] PHP   2. lingua::get_emotion_names() /home/ubuntu/workspace/admin/lingua/editexpressions.php:158
[22-Jul-2017 23:49:14 UTC] PHP   3. array_key_exists() /home/ubuntu/workspace/lib/lingualib.php:26
[22-Jul-2017 23:49:14 UTC] Default exception handler: Coding Error Debug: Whoops. MACHINA seems to have tripped over herself. Please contact a programmer for help.
* line 29 of /lib/lingualib.php: coding_exception thrown
* line 158 of /admin/lingua/editexpressions.php: call to lingua::get_emotion_names()

[22-Jul-2017 23:52:33 UTC] Default exception handler: Coding Error Debug: Whoops. MACHINA seems to have tripped over herself. Please contact a programmer for help.
* line 204 of /lib/dblib.php: database_read_exception thrown
* line 88 of /lib/dblib.php: call to machina_database->prepare_execute()
* line 45 of /admin/lingua/editexpressions.php: call to machina_database->get_records()

[23-Jul-2017 13:45:35 UTC] Default exception handler: Coding Error Debug: Whoops. MACHINA seems to have tripped over herself. Please contact a programmer for help.
* line 33 of /lib/lingualib.php: coding_exception thrown
* line 157 of /admin/lingua/editexpressions.php: call to lingua::get_emotion_info()

[23-Jul-2017 13:48:28 UTC] PHP Fatal error:  Access to undeclared static property: lingua::$emotions in /home/ubuntu/workspace/lib/lingualib.php on line 43
[23-Jul-2017 13:48:28 UTC] PHP Stack trace:
[23-Jul-2017 13:48:28 UTC] PHP   1. {main}() /home/ubuntu/workspace/admin/lingua/editexpressions.php:0
[23-Jul-2017 13:48:28 UTC] PHP   2. machina_output->header() /home/ubuntu/workspace/admin/lingua/editexpressions.php:96
[23-Jul-2017 13:48:28 UTC] PHP   3. machina_output->start_body() /home/ubuntu/workspace/lib/outputlib.php:87
[23-Jul-2017 13:48:28 UTC] PHP   4. machina_output->get_notifications() /home/ubuntu/workspace/lib/outputlib.php:169
[23-Jul-2017 13:48:28 UTC] PHP   5. lingua::express() /home/ubuntu/workspace/lib/outputlib.php:192
[04-Aug-2017 18:07:45 UTC] PHP Warning:  require_once(/home/ubuntu/workspace/config.php): failed to open stream: No such file or directory in /home/ubuntu/workspace/admin/verba/editverbs.php on line 6
[04-Aug-2017 18:07:45 UTC] PHP Stack trace:
[04-Aug-2017 18:07:45 UTC] PHP   1. {main}() /home/ubuntu/workspace/admin/verba/editverbs.php:0
[04-Aug-2017 18:07:45 UTC] PHP Fatal error:  require_once(): Failed opening required '/home/ubuntu/workspace/config.php' (include_path='.:/usr/share/php:/usr/share/pear') in /home/ubuntu/workspace/admin/verba/editverbs.php on line 6
[04-Aug-2017 18:07:45 UTC] PHP Stack trace:
[04-Aug-2017 18:07:45 UTC] PHP   1. {main}() /home/ubuntu/workspace/admin/verba/editverbs.php:0
[04-Aug-2017 18:07:49 UTC] PHP Warning:  require_once(../lib/setup.php): failed to open stream: No such file or directory in /home/ubuntu/workspace/admin/lingua/editexpressions.php on line 6
[04-Aug-2017 18:07:49 UTC] PHP Stack trace:
[04-Aug-2017 18:07:49 UTC] PHP   1. {main}() /home/ubuntu/workspace/admin/lingua/editexpressions.php:0
[04-Aug-2017 18:07:49 UTC] PHP Fatal error:  require_once(): Failed opening required '../lib/setup.php' (include_path='.:/usr/share/php:/usr/share/pear') in /home/ubuntu/workspace/admin/lingua/editexpressions.php on line 6
[04-Aug-2017 18:07:49 UTC] PHP Stack trace:
[04-Aug-2017 18:07:49 UTC] PHP   1. {main}() /home/ubuntu/workspace/admin/lingua/editexpressions.php:0
[06-Aug-2017 01:53:44 UTC] PHP Fatal error:  Call to undefined method base_renderer::open() in /home/ubuntu/workspace/admin/verba/editverbs.php on line 128
[06-Aug-2017 01:53:44 UTC] PHP Stack trace:
[06-Aug-2017 01:53:44 UTC] PHP   1. {main}() /home/ubuntu/workspace/admin/verba/editverbs.php:0
[06-Aug-2017 14:13:31 UTC] PHP Fatal error:  Call to undefined method base_renderer::icon() in /home/ubuntu/workspace/admin/verba/editverbs.php on line 186
[06-Aug-2017 14:13:31 UTC] PHP Stack trace:
[06-Aug-2017 14:13:31 UTC] PHP   1. {main}() /home/ubuntu/workspace/admin/verba/editverbs.php:0
[06-Aug-2017 14:22:19 UTC] PHP Warning:  call_user_func_array() expects parameter 1 to be a valid callback, class 'base_renderer' does not have a method 'notifications_printed' in /home/ubuntu/workspace/lib/setuplib.php on line 556
[06-Aug-2017 14:22:19 UTC] PHP Stack trace:
[06-Aug-2017 14:22:19 UTC] PHP   1. {main}() /home/ubuntu/workspace/admin/verba/editverbs.php:0
[06-Aug-2017 14:22:19 UTC] PHP   2. machina_page->notify() /home/ubuntu/workspace/admin/verba/editverbs.php:29
[06-Aug-2017 14:22:19 UTC] PHP   3. early_renderer->notifications_printed() /home/ubuntu/workspace/lib/pagelib.php:266
[06-Aug-2017 14:22:19 UTC] PHP   4. early_renderer->__call() /home/ubuntu/workspace/lib/pagelib.php:266
[06-Aug-2017 14:22:19 UTC] PHP   5. call_user_func_array:{/home/ubuntu/workspace/lib/setuplib.php:556}() /home/ubuntu/workspace/lib/setuplib.php:556
[07-Aug-2017 00:31:06 UTC] PHP Fatal error:  Class 'verb_table_renderable' not found in /home/ubuntu/workspace/admin/verba/editverbs.php on line 174
[07-Aug-2017 00:31:06 UTC] PHP Stack trace:
[07-Aug-2017 00:31:06 UTC] PHP   1. {main}() /home/ubuntu/workspace/admin/verba/editverbs.php:0
[07-Aug-2017 00:32:50 UTC] Default exception handler: Coding Error Debug: Whoops. MACHINA seems to have tripped over herself. Please contact a programmer for help.
* line 42 of /admin/verba/classes/verb_table_renderable.php: coding_exception thrown
* line 175 of /admin/verba/editverbs.php: call to verb_table_renderable->__construct()

[07-Aug-2017 00:33:39 UTC] Default exception handler: Coding Error Debug: Whoops. MACHINA seems to have tripped over herself. Please contact a programmer for help.
* line 48 of /admin/verba/classes/verb_table_renderable.php: coding_exception thrown
* line 175 of /admin/verba/editverbs.php: call to verb_table_renderable->__construct()

[07-Aug-2017 00:42:45 UTC] PHP Warning:  Invalid argument supplied for foreach() in /home/ubuntu/workspace/admin/verba/classes/verb_table_renderable.php on line 179
[07-Aug-2017 00:42:45 UTC] PHP Stack trace:
[07-Aug-2017 00:42:45 UTC] PHP   1. {main}() /home/ubuntu/workspace/admin/verba/editverbs.php:0
[07-Aug-2017 00:42:45 UTC] PHP   2. base_renderer->render() /home/ubuntu/workspace/admin/verba/editverbs.php:176
[07-Aug-2017 00:42:45 UTC] PHP   3. verb_table_renderable->render() /home/ubuntu/workspace/lib/classes/output/base_renderer.php:413
[07-Aug-2017 00:42:45 UTC] PHP   4. verb_table_renderable->render_small() /home/ubuntu/workspace/admin/verba/classes/verb_table_renderable.php:68
